-------------------------------------------------------------------------------
Test set: com.bintang.pengembalian.service.PengembalianServiceApplicationTests
-------------------------------------------------------------------------------
Tests run: 1, Failures: 0, Errors: 1, Skipped: 0, Time elapsed: 10.645 s <<< FAILURE! - in com.bintang.pengembalian.service.PengembalianServiceApplicationTests
contextLoads  Time elapsed: 0.002 s  <<< ERROR!
java.lang.IllegalStateException: Failed to load ApplicationContext
Caused by: org.springframework.beans.factory.UnsatisfiedDependencyException: Error creating bean with name 'pengembalianContoller': Unsatisfied dependency expressed through field 'pengembalianService'; nested exception is org.springframework.beans.factory.UnsatisfiedDependencyException: Error creating bean with name 'pengembalianService': Unsatisfied dependency expressed through field 'pengembalianRepository'; nested exception is org.springframework.beans.factory.BeanCreationException: Error creating bean with name 'pengembalianRepository' defined in com.bintang.pengembalian.service.repository.PengembalianRepository defined in @EnableJpaRepositories declared on JpaRepositoriesRegistrar.EnableJpaRepositoriesConfiguration: Invocation of init method failed; nested exception is java.lang.IllegalArgumentException: Not a managed type: class com.bintang.peminjaman.service.entity.Pengembalian
Caused by: org.springframework.beans.factory.UnsatisfiedDependencyException: Error creating bean with name 'pengembalianService': Unsatisfied dependency expressed through field 'pengembalianRepository'; nested exception is org.springframework.beans.factory.BeanCreationException: Error creating bean with name 'pengembalianRepository' defined in com.bintang.pengembalian.service.repository.PengembalianRepository defined in @EnableJpaRepositories declared on JpaRepositoriesRegistrar.EnableJpaRepositoriesConfiguration: Invocation of init method failed; nested exception is java.lang.IllegalArgumentException: Not a managed type: class com.bintang.peminjaman.service.entity.Pengembalian
Caused by: org.springframework.beans.factory.BeanCreationException: Error creating bean with name 'pengembalianRepository' defined in com.bintang.pengembalian.service.repository.PengembalianRepository defined in @EnableJpaRepositories declared on JpaRepositoriesRegistrar.EnableJpaRepositoriesConfiguration: Invocation of init method failed; nested exception is java.lang.IllegalArgumentException: Not a managed type: class com.bintang.peminjaman.service.entity.Pengembalian
Caused by: java.lang.IllegalArgumentException: Not a managed type: class com.bintang.peminjaman.service.entity.Pengembalian

